2026-01-21T21:21:25.662+05:30  INFO 3344 --- [H2-curd] [restartedMain] com.example.H2_curd.H2CurdApplication    : Starting H2CurdApplication using Java 21.0.9 with PID 3344 (E:\Durga_Prasad\projects\H2-curd\target\classes started by durga in E:\Durga_Prasad\projects\H2-curd)
2026-01-21T21:21:25.675+05:30  INFO 3344 --- [H2-curd] [restartedMain] com.example.H2_curd.H2CurdApplication    : No active profile set, falling back to 1 default profile: "default"
2026-01-21T21:21:25.757+05:30  INFO 3344 --- [H2-curd] [restartedMain] .e.DevToolsPropertyDefaultsPostProcessor : Devtools property defaults active! Set 'spring.devtools.add-properties' to 'false' to disable
2026-01-21T21:21:25.757+05:30  INFO 3344 --- [H2-curd] [restartedMain] .e.DevToolsPropertyDefaultsPostProcessor : For additional web related logging consider setting the 'logging.level.web' property to 'DEBUG'
2026-01-21T21:21:26.655+05:30  INFO 3344 --- [H2-curd] [restartedMain] .s.d.r.c.RepositoryConfigurationDelegate : Bootstrapping Spring Data JPA repositories in DEFAULT mode.
2026-01-21T21:21:26.744+05:30  INFO 3344 --- [H2-curd] [restartedMain] .s.d.r.c.RepositoryConfigurationDelegate : Finished Spring Data repository scanning in 69 ms. Found 1 JPA repository interface.
2026-01-21T21:21:27.517+05:30  INFO 3344 --- [H2-curd] [restartedMain] o.s.boot.tomcat.TomcatWebServer          : Tomcat initialized with port 1001 (http)
2026-01-21T21:21:27.543+05:30  INFO 3344 --- [H2-curd] [restartedMain] o.apache.catalina.core.StandardService   : Starting service [Tomcat]
2026-01-21T21:21:27.544+05:30  INFO 3344 --- [H2-curd] [restartedMain] o.apache.catalina.core.StandardEngine    : Starting Servlet engine: [Apache Tomcat/11.0.15]
2026-01-21T21:21:27.610+05:30  INFO 3344 --- [H2-curd] [restartedMain] b.w.c.s.WebApplicationContextInitializer : Root WebApplicationContext: initialization completed in 1833 ms
2026-01-21T21:21:27.863+05:30  INFO 3344 --- [H2-curd] [restartedMain] org.hibernate.orm.jpa                    : HHH008540: Processing PersistenceUnitInfo [name: default]
2026-01-21T21:21:27.975+05:30  INFO 3344 --- [H2-curd] [restartedMain] org.hibernate.orm.core                   : HHH000001: Hibernate ORM core version 7.2.0.Final
2026-01-21T21:21:28.634+05:30  INFO 3344 --- [H2-curd] [restartedMain] o.s.o.j.p.SpringPersistenceUnitInfo      : No LoadTimeWeaver setup: ignoring JPA class transformer
2026-01-21T21:21:28.689+05:30  INFO 3344 --- [H2-curd] [restartedMain] com.zaxxer.hikari.HikariDataSource       : HikariPool-1 - Starting...
2026-01-21T21:21:28.889+05:30  INFO 3344 --- [H2-curd] [restartedMain] com.zaxxer.hikari.pool.HikariPool        : HikariPool-1 - Added connection conn0: url=jdbc:h2:mem:testdb user=SA
2026-01-21T21:21:28.892+05:30  INFO 3344 --- [H2-curd] [restartedMain] com.zaxxer.hikari.HikariDataSource       : HikariPool-1 - Start completed.
2026-01-21T21:21:28.944+05:30  WARN 3344 --- [H2-curd] [restartedMain] org.hibernate.orm.deprecation            : HHH90000025: H2Dialect does not need to be specified explicitly using 'hibernate.dialect' (remove the property setting and it will be selected by default)
2026-01-21T21:21:28.981+05:30  INFO 3344 --- [H2-curd] [restartedMain] org.hibernate.orm.connections.pooling    : HHH10001005: Database info:
	Database JDBC URL [jdbc:h2:mem:testdb]
	Database driver: H2 JDBC Driver
	Database dialect: H2Dialect
	Database version: 2.4.240
	Default catalog/schema: TESTDB/PUBLIC
	Autocommit mode: undefined/unknown
	Isolation level: READ_COMMITTED [default READ_COMMITTED]
	JDBC fetch size: 100
	Pool: DataSourceConnectionProvider
	Minimum pool size: undefined/unknown
	Maximum pool size: undefined/unknown
2026-01-21T21:21:29.946+05:30  INFO 3344 --- [H2-curd] [restartedMain] org.hibernate.orm.core                   : HHH000489: No JTA platform available (set 'hibernate.transaction.jta.platform' to enable JTA platform integration)
2026-01-21T21:21:30.038+05:30  INFO 3344 --- [H2-curd] [restartedMain] j.LocalContainerEntityManagerFactoryBean : Initialized JPA EntityManagerFactory for persistence unit 'default'
2026-01-21T21:21:30.161+05:30  INFO 3344 --- [H2-curd] [restartedMain] o.s.d.j.r.query.QueryEnhancerFactories   : Hibernate is in classpath; If applicable, HQL parser will be used.
2026-01-21T21:21:30.332+05:30  WARN 3344 --- [H2-curd] [restartedMain] JpaBaseConfiguration$JpaWebConfiguration : spring.jpa.open-in-view is enabled by default. Therefore, database queries may be performed during view rendering. Explicitly configure spring.jpa.open-in-view to disable this warning
2026-01-21T21:21:30.795+05:30  INFO 3344 --- [H2-curd] [restartedMain] o.s.b.h.a.H2ConsoleAutoConfiguration     : H2 console available at '/h2-console'. Database available at 'jdbc:h2:mem:testdb'
2026-01-21T21:21:30.889+05:30  INFO 3344 --- [H2-curd] [restartedMain] o.s.boot.tomcat.TomcatWebServer          : Tomcat started on port 1001 (http) with context path '/'
2026-01-21T21:21:30.897+05:30  INFO 3344 --- [H2-curd] [restartedMain] com.example.H2_curd.H2CurdApplication    : Started H2CurdApplication in 5.989 seconds (process running for 6.773)
2026-01-21T21:23:32.920+05:30  INFO 3344 --- [H2-curd] [http-nio-1001-exec-6] o.a.c.c.C.[Tomcat].[localhost].[/]       : Initializing Spring DispatcherServlet 'dispatcherServlet'
2026-01-21T21:23:32.923+05:30  INFO 3344 --- [H2-curd] [http-nio-1001-exec-6] o.s.web.servlet.DispatcherServlet        : Initializing Servlet 'dispatcherServlet'
2026-01-21T21:23:32.926+05:30  INFO 3344 --- [H2-curd] [http-nio-1001-exec-6] o.s.web.servlet.DispatcherServlet        : Completed initialization in 3 ms
